<?xml version="1.0" encoding="UTF-8"?>
<testng-results ignored="0" total="4" passed="3" failed="1" skipped="0">
  <reporter-output>
    <line>
      <![CDATA[https://opensource-demo.orangehrmlive.com/web/index.php/pim/saveCustomFields]]>
    </line>
    <line>
      <![CDATA[Actual URL:https://opensource-demo.orangehrmlive.com/web/index.php/pim/addEmployee]]>
    </line>
    <line>
      <![CDATA[https://opensource-demo.orangehrmlive.com/web/index.php/pim/listCustomFields]]>
    </line>
  </reporter-output>
  <suite started-at="2026-05-07T19:01:30 IST" name="Default suite" finished-at="2026-05-07T19:03:00 IST" duration-ms="90193">
    <groups>
    </groups>
    <test started-at="2026-05-07T19:01:30 IST" name="Default test" finished-at="2026-05-07T19:03:00 IST" duration-ms="90193">
      <class name="TestCases.TestCasePIMPage_OrangeHRM">
        <test-method is-config="true" signature="setup()[pri:0, instance:TestCases.TestCasePIMPage_OrangeHRM@712625fd]" started-at="2026-05-07T19:01:30 IST" name="setup" finished-at="2026-05-07T19:01:50 IST" duration-ms="19738" status="PASS">
          <reporter-output>
          </reporter-output>
        </test-method> <!-- setup -->
        <test-method signature="VerifyAddCustomfieldTestCase()[pri:0, instance:TestCases.TestCasePIMPage_OrangeHRM@712625fd]" started-at="2026-05-07T19:01:50 IST" name="VerifyAddCustomfieldTestCase" finished-at="2026-05-07T19:01:51 IST" duration-ms="1336" status="PASS">
          <reporter-output>
            <line>
              <![CDATA[https://opensource-demo.orangehrmlive.com/web/index.php/pim/saveCustomFields]]>
            </line>
          </reporter-output>
        </test-method> <!-- VerifyAddCustomfieldTestCase -->
        <test-method is-config="true" signature="CloseBrowser()[pri:0, instance:TestCases.TestCasePIMPage_OrangeHRM@712625fd]" started-at="2026-05-07T19:01:51 IST" name="CloseBrowser" finished-at="2026-05-07T19:01:51 IST" duration-ms="77" status="PASS">
          <reporter-output>
          </reporter-output>
        </test-method> <!-- CloseBrowser -->
        <test-method is-config="true" signature="setup()[pri:0, instance:TestCases.TestCasePIMPage_OrangeHRM@712625fd]" started-at="2026-05-07T19:01:51 IST" name="setup" finished-at="2026-05-07T19:02:11 IST" duration-ms="19997" status="PASS">
          <reporter-output>
          </reporter-output>
        </test-method> <!-- setup -->
        <test-method signature="VerifyAddbtnTestcase()[pri:0, instance:TestCases.TestCasePIMPage_OrangeHRM@712625fd]" started-at="2026-05-07T19:02:11 IST" name="VerifyAddbtnTestcase" finished-at="2026-05-07T19:02:15 IST" duration-ms="3780" status="PASS">
          <reporter-output>
            <line>
              <![CDATA[Actual URL:https://opensource-demo.orangehrmlive.com/web/index.php/pim/addEmployee]]>
            </line>
          </reporter-output>
        </test-method> <!-- VerifyAddbtnTestcase -->
        <test-method is-config="true" signature="CloseBrowser()[pri:0, instance:TestCases.TestCasePIMPage_OrangeHRM@712625fd]" started-at="2026-05-07T19:02:15 IST" name="CloseBrowser" finished-at="2026-05-07T19:02:15 IST" duration-ms="58" status="PASS">
          <reporter-output>
          </reporter-output>
        </test-method> <!-- CloseBrowser -->
        <test-method is-config="true" signature="setup()[pri:0, instance:TestCases.TestCasePIMPage_OrangeHRM@712625fd]" started-at="2026-05-07T19:02:15 IST" name="setup" finished-at="2026-05-07T19:02:26 IST" duration-ms="11721" status="PASS">
          <reporter-output>
          </reporter-output>
        </test-method> <!-- setup -->
        <test-method signature="VerifyAddemployeeTestCase()[pri:0, instance:TestCases.TestCasePIMPage_OrangeHRM@712625fd]" started-at="2026-05-07T19:02:26 IST" name="VerifyAddemployeeTestCase" finished-at="2026-05-07T19:02:47 IST" duration-ms="20038" status="FAIL">
          <exception class="org.openqa.selenium.TimeoutException">
            <message>
              <![CDATA[Expected condition failed: waiting for visibility of Proxy element for: DefaultElementLocator 'By.xpath: //input[contains(@name,'fi')]' (tried for 10 second(s) with 500 milliseconds interval)]]>
            </message>
            <full-stacktrace>
              <![CDATA[org.openqa.selenium.TimeoutException: Expected condition failed: waiting for visibility of Proxy element for: DefaultElementLocator 'By.xpath: //input[contains(@name,'fi')]' (tried for 10 second(s) with 500 milliseconds interval)
at org.openqa.selenium.support.ui.WebDriverWait.timeoutException(WebDriverWait.java:87)
at org.openqa.selenium.support.ui.FluentWait.until(FluentWait.java:231)
at Pages.PIMPage_OrangeHRM.VerifyAddemployee(PIMPage_OrangeHRM.java:42)
at TestCases.TestCasePIMPage_OrangeHRM.VerifyAddemployeeTestCase(TestCasePIMPage_OrangeHRM.java:45)
at java.base/jdk.internal.reflect.NativeMethodAccessorImpl.invoke0(Native Method)
at java.base/jdk.internal.reflect.NativeMethodAccessorImpl.invoke(NativeMethodAccessorImpl.java:77)
at java.base/jdk.internal.reflect.DelegatingMethodAccessorImpl.invoke(DelegatingMethodAccessorImpl.java:43)
at java.base/java.lang.reflect.Method.invoke(Method.java:568)
at org.testng.internal.invokers.MethodInvocationHelper.invokeMethod(MethodInvocationHelper.java:139)
at org.testng.internal.invokers.TestInvoker.invokeMethod(TestInvoker.java:677)
at org.testng.internal.invokers.TestInvoker.invokeTestMethod(TestInvoker.java:221)
at org.testng.internal.invokers.MethodRunner.runInSequence(MethodRunner.java:50)
at org.testng.internal.invokers.TestInvoker$MethodInvocationAgent.invoke(TestInvoker.java:969)
at org.testng.internal.invokers.TestInvoker.invokeTestMethods(TestInvoker.java:194)
at org.testng.internal.invokers.TestMethodWorker.invokeTestMethods(TestMethodWorker.java:148)
at org.testng.internal.invokers.TestMethodWorker.run(TestMethodWorker.java:128)
at java.base/java.util.ArrayList.forEach(ArrayList.java:1511)
at org.testng.TestRunner.privateRun(TestRunner.java:829)
at org.testng.TestRunner.run(TestRunner.java:602)
at org.testng.SuiteRunner.runTest(SuiteRunner.java:437)
at org.testng.SuiteRunner.runSequentially(SuiteRunner.java:431)
at org.testng.SuiteRunner.privateRun(SuiteRunner.java:391)
at org.testng.SuiteRunner.run(SuiteRunner.java:330)
at org.testng.SuiteRunnerWorker.runSuite(SuiteRunnerWorker.java:52)
at org.testng.SuiteRunnerWorker.run(SuiteRunnerWorker.java:95)
at org.testng.TestNG.runSuitesSequentially(TestNG.java:1256)
at org.testng.TestNG.runSuitesLocally(TestNG.java:1176)
at org.testng.TestNG.runSuites(TestNG.java:1099)
at org.testng.TestNG.run(TestNG.java:1067)
at org.testng.remote.AbstractRemoteTestNG.run(AbstractRemoteTestNG.java:115)
at org.testng.remote.RemoteTestNG.initAndRun(RemoteTestNG.java:293)
at org.testng.remote.RemoteTestNG.main(RemoteTestNG.java:91)
Caused by: org.openqa.selenium.NoSuchElementException: no such element: Unable to locate element: {"method":"xpath","selector":"//input[contains(@name,'fi')]"}
  (Session info: chrome=147.0.7727.138)
For documentation on this error, please visit: https://selenium.dev/exceptions/#no_such_element
Build info: version: '4.8.3', revision: 'e5e76298c3'
System info: os.name: 'Windows 11', os.arch: 'amd64', os.version: '10.0', java.version: '17.0.6'
Driver info: org.openqa.selenium.chrome.ChromeDriver
Command: [beda0f35cc10b620c062e39dadc0e143, findElement {using=xpath, value=//input[contains(@name,'fi')]}]
Capabilities {acceptInsecureCerts: false, browserName: chrome, browserVersion: 147.0.7727.138, chrome: {chromedriverVersion: 147.0.7727.117 (474cc805edd..., userDataDir: C:\Users\DHANAJ~1\AppData\L...}, fedcm:accounts: true, goog:chromeOptions: {debuggerAddress: localhost:52064}, goog:processID: 3940, networkConnectionEnabled: false, pageLoadStrategy: normal, platformName: WINDOWS, proxy: Proxy(), se:cdp: ws://localhost:52064/devtoo..., se:cdpVersion: 147.0.7727.138, setWindowRect: true, strictFileInteractability: false, timeouts: {implicit: 0, pageLoad: 300000, script: 30000}, unhandledPromptBehavior: dismiss and notify, webauthn:extension:credBlob: true, webauthn:extension:largeBlob: true, webauthn:extension:minPinLength: true, webauthn:extension:prf: true, webauthn:virtualAuthenticators: true}
Session ID: beda0f35cc10b620c062e39dadc0e143
at java.base/jdk.internal.reflect.NativeConstructorAccessorImpl.newInstance0(Native Method)
at java.base/jdk.internal.reflect.NativeConstructorAccessorImpl.newInstance(NativeConstructorAccessorImpl.java:77)
at java.base/jdk.internal.reflect.DelegatingConstructorAccessorImpl.newInstance(DelegatingConstructorAccessorImpl.java:45)
at java.base/java.lang.reflect.Constructor.newInstanceWithCaller(Constructor.java:499)
at java.base/java.lang.reflect.Constructor.newInstance(Constructor.java:480)
at org.openqa.selenium.remote.codec.w3c.W3CHttpResponseCodec.createException(W3CHttpResponseCodec.java:200)
at org.openqa.selenium.remote.codec.w3c.W3CHttpResponseCodec.decode(W3CHttpResponseCodec.java:133)
at org.openqa.selenium.remote.codec.w3c.W3CHttpResponseCodec.decode(W3CHttpResponseCodec.java:53)
at org.openqa.selenium.remote.HttpCommandExecutor.execute(HttpCommandExecutor.java:193)
at org.openqa.selenium.remote.service.DriverCommandExecutor.invokeExecute(DriverCommandExecutor.java:183)
at org.openqa.selenium.remote.service.DriverCommandExecutor.execute(DriverCommandExecutor.java:158)
at org.openqa.selenium.remote.RemoteWebDriver.execute(RemoteWebDriver.java:543)
at org.openqa.selenium.remote.ElementLocation$ElementFinder$2.findElement(ElementLocation.java:162)
at org.openqa.selenium.remote.ElementLocation.findElement(ElementLocation.java:60)
at org.openqa.selenium.remote.RemoteWebDriver.findElement(RemoteWebDriver.java:352)
at org.openqa.selenium.remote.RemoteWebDriver.findElement(RemoteWebDriver.java:344)
at org.openqa.selenium.support.pagefactory.DefaultElementLocator.findElement(DefaultElementLocator.java:70)
at org.openqa.selenium.support.pagefactory.internal.LocatingElementHandler.invoke(LocatingElementHandler.java:39)
at jdk.proxy2/jdk.proxy2.$Proxy18.isDisplayed(Unknown Source)
at org.openqa.selenium.support.ui.ExpectedConditions.elementIfVisible(ExpectedConditions.java:307)
at org.openqa.selenium.support.ui.ExpectedConditions.access$000(ExpectedConditions.java:40)
at org.openqa.selenium.support.ui.ExpectedConditions$10.apply(ExpectedConditions.java:293)
at org.openqa.selenium.support.ui.ExpectedConditions$10.apply(ExpectedConditions.java:290)
at org.openqa.selenium.support.ui.FluentWait.until(FluentWait.java:208)
... 30 more
]]>
            </full-stacktrace>
          </exception> <!-- org.openqa.selenium.TimeoutException -->
          <reporter-output>
          </reporter-output>
        </test-method> <!-- VerifyAddemployeeTestCase -->
        <test-method is-config="true" signature="CloseBrowser()[pri:0, instance:TestCases.TestCasePIMPage_OrangeHRM@712625fd]" started-at="2026-05-07T19:02:47 IST" name="CloseBrowser" finished-at="2026-05-07T19:02:47 IST" duration-ms="96" status="PASS">
          <reporter-output>
          </reporter-output>
        </test-method> <!-- CloseBrowser -->
        <test-method is-config="true" signature="setup()[pri:0, instance:TestCases.TestCasePIMPage_OrangeHRM@712625fd]" started-at="2026-05-07T19:02:47 IST" name="setup" finished-at="2026-05-07T19:02:58 IST" duration-ms="11599" status="PASS">
          <reporter-output>
          </reporter-output>
        </test-method> <!-- setup -->
        <test-method signature="VerifyCustomFieldTestCase()[pri:0, instance:TestCases.TestCasePIMPage_OrangeHRM@712625fd]" started-at="2026-05-07T19:02:58 IST" name="VerifyCustomFieldTestCase" finished-at="2026-05-07T19:03:00 IST" duration-ms="1619" status="PASS">
          <reporter-output>
            <line>
              <![CDATA[https://opensource-demo.orangehrmlive.com/web/index.php/pim/listCustomFields]]>
            </line>
          </reporter-output>
        </test-method> <!-- VerifyCustomFieldTestCase -->
        <test-method is-config="true" signature="CloseBrowser()[pri:0, instance:TestCases.TestCasePIMPage_OrangeHRM@712625fd]" started-at="2026-05-07T19:03:00 IST" name="CloseBrowser" finished-at="2026-05-07T19:03:00 IST" duration-ms="68" status="PASS">
          <reporter-output>
          </reporter-output>
        </test-method> <!-- CloseBrowser -->
      </class> <!-- TestCases.TestCasePIMPage_OrangeHRM -->
    </test> <!-- Default test -->
  </suite> <!-- Default suite -->
</testng-results>
