<?xml version="1.0" encoding="UTF-8"?>
<!-- Generated by org.testng.reporters.JUnitReportReporter -->
<testsuite hostname="DESKTOP-3FQN36U" failures="0" tests="3" name="TestCases.TestCaseAdminPageOrangeHRM" time="143.517" errors="0" timestamp="2026-02-13T17:26:07 IST" skipped="0">
  <testcase classname="TestCases.TestCaseAdminPageOrangeHRM" name="VerifyAdminPageTestcase" time="69.513"/>
  <system-out>
    <![CDATA[Actual URL of AdminPage: https://opensource-demo.orangehrmlive.com/web/index.php/admin/viewSystemUsers]]>
  </system-out>
  <testcase classname="TestCases.TestCaseAdminPageOrangeHRM" name="VerifySystemusertextTestcase" time="37.047"/>
  <system-out>
    <![CDATA[Actual text: System Users]]>
  </system-out>
  <testcase classname="TestCases.TestCaseAdminPageOrangeHRM" name="VerifyAddbuttonTestcase" time="36.957"/>
  <system-out>
    <![CDATA[Actual add button URL: https://opensource-demo.orangehrmlive.com/web/index.php/admin/saveSystemUser]]>
  </system-out>
</testsuite> <!-- TestCases.TestCaseAdminPageOrangeHRM -->
